Classic Timing Analyzer report for ALU
Tue Oct 22 15:52:42 2024
Quartus II Version 9.1 Build 350 03/24/2010 Service Pack 2 SJ Web Edition


---------------------
; Table of Contents ;
---------------------
  1. Legal Notice
  2. Timing Analyzer Summary
  3. Timing Analyzer Settings
  4. Parallel Compilation
  5. tpd
  6. Timing Analyzer Messages



----------------
; Legal Notice ;
----------------
Copyright (C) 1991-2010 Altera Corporation
Your use of Altera Corporation's design tools, logic functions 
and other software and tools, and its AMPP partner logic 
functions, and any output files from any of the foregoing 
(including device programming or simulation files), and any 
associated documentation or information are expressly subject 
to the terms and conditions of the Altera Program License 
Subscription Agreement, Altera MegaCore Function License 
Agreement, or other applicable license agreement, including, 
without limitation, that your use is for the sole purpose of 
programming logic devices manufactured by Altera and sold by 
Altera or its authorized distributors.  Please refer to the 
applicable agreement for further details.



+-----------------------------------------------------------------------------------------------------------------------------+
; Timing Analyzer Summary                                                                                                     ;
+------------------------------+-------+---------------+-------------+---------+-------+------------+----------+--------------+
; Type                         ; Slack ; Required Time ; Actual Time ; From    ; To    ; From Clock ; To Clock ; Failed Paths ;
+------------------------------+-------+---------------+-------------+---------+-------+------------+----------+--------------+
; Worst-case tpd               ; N/A   ; None          ; 12.115 ns   ; a_in[1] ; z_out ; --         ; --       ; 0            ;
; Total number of failed paths ;       ;               ;             ;         ;       ;            ;          ; 0            ;
+------------------------------+-------+---------------+-------------+---------+-------+------------+----------+--------------+


+-----------------------------------------------------------------------------------------------------------------------------------------------------+
; Timing Analyzer Settings                                                                                                                            ;
+------------------------------------------------------------------------------------------------------+--------------------+------+----+-------------+
; Option                                                                                               ; Setting            ; From ; To ; Entity Name ;
+------------------------------------------------------------------------------------------------------+--------------------+------+----+-------------+
; Device Name                                                                                          ; EP2S15F484C3       ;      ;    ;             ;
; Timing Models                                                                                        ; Final              ;      ;    ;             ;
; Default hold multicycle                                                                              ; Same as Multicycle ;      ;    ;             ;
; Cut paths between unrelated clock domains                                                            ; On                 ;      ;    ;             ;
; Cut off read during write signal paths                                                               ; On                 ;      ;    ;             ;
; Cut off feedback from I/O pins                                                                       ; On                 ;      ;    ;             ;
; Report Combined Fast/Slow Timing                                                                     ; Off                ;      ;    ;             ;
; Ignore Clock Settings                                                                                ; Off                ;      ;    ;             ;
; Analyze latches as synchronous elements                                                              ; On                 ;      ;    ;             ;
; Enable Recovery/Removal analysis                                                                     ; Off                ;      ;    ;             ;
; Enable Clock Latency                                                                                 ; Off                ;      ;    ;             ;
; Use TimeQuest Timing Analyzer                                                                        ; Off                ;      ;    ;             ;
; Number of source nodes to report per destination node                                                ; 10                 ;      ;    ;             ;
; Number of destination nodes to report                                                                ; 10                 ;      ;    ;             ;
; Number of paths to report                                                                            ; 200                ;      ;    ;             ;
; Report Minimum Timing Checks                                                                         ; Off                ;      ;    ;             ;
; Use Fast Timing Models                                                                               ; Off                ;      ;    ;             ;
; Report IO Paths Separately                                                                           ; Off                ;      ;    ;             ;
; Perform Multicorner Analysis                                                                         ; On                 ;      ;    ;             ;
; Reports the worst-case path for each clock domain and analysis                                       ; Off                ;      ;    ;             ;
; Reports worst-case timing paths for each clock domain and analysis                                   ; Off                ;      ;    ;             ;
; Specifies the maximum number of worst-case timing paths to report for each clock domain and analysis ; 100                ;      ;    ;             ;
; Removes common clock path pessimism (CCPP) during slack computation                                  ; Off                ;      ;    ;             ;
; Output I/O Timing Endpoint                                                                           ; Near End           ;      ;    ;             ;
+------------------------------------------------------------------------------------------------------+--------------------+------+----+-------------+


Parallel compilation was disabled, but you have multiple processors available. Enable parallel compilation to reduce compilation time.
+-------------------------------------+
; Parallel Compilation                ;
+----------------------------+--------+
; Processors                 ; Number ;
+----------------------------+--------+
; Number detected on machine ; 6      ;
; Maximum allowed            ; 1      ;
+----------------------------+--------+


+---------------------------------------------------------------------+
; tpd                                                                 ;
+-------+-------------------+-----------------+------------+----------+
; Slack ; Required P2P Time ; Actual P2P Time ; From       ; To       ;
+-------+-------------------+-----------------+------------+----------+
; N/A   ; None              ; 12.115 ns       ; a_in[1]    ; z_out    ;
; N/A   ; None              ; 11.863 ns       ; a_in[0]    ; z_out    ;
; N/A   ; None              ; 11.763 ns       ; a_in[1]    ; c_out    ;
; N/A   ; None              ; 11.752 ns       ; op_sel[1]  ; z_out    ;
; N/A   ; None              ; 11.742 ns       ; a_in[2]    ; z_out    ;
; N/A   ; None              ; 11.742 ns       ; a_in[1]    ; r_out[3] ;
; N/A   ; None              ; 11.592 ns       ; b_in[1]    ; z_out    ;
; N/A   ; None              ; 11.531 ns       ; a_in[4]    ; z_out    ;
; N/A   ; None              ; 11.511 ns       ; a_in[0]    ; c_out    ;
; N/A   ; None              ; 11.490 ns       ; a_in[0]    ; r_out[3] ;
; N/A   ; None              ; 11.470 ns       ; bit_sel[0] ; z_out    ;
; N/A   ; None              ; 11.462 ns       ; b_in[3]    ; z_out    ;
; N/A   ; None              ; 11.460 ns       ; a_in[3]    ; z_out    ;
; N/A   ; None              ; 11.432 ns       ; a_in[2]    ; c_out    ;
; N/A   ; None              ; 11.414 ns       ; a_in[1]    ; r_out[2] ;
; N/A   ; None              ; 11.413 ns       ; b_in[2]    ; z_out    ;
; N/A   ; None              ; 11.385 ns       ; a_in[6]    ; c_out    ;
; N/A   ; None              ; 11.379 ns       ; op_sel[1]  ; r_out[3] ;
; N/A   ; None              ; 11.371 ns       ; a_in[2]    ; r_out[2] ;
; N/A   ; None              ; 11.368 ns       ; b_in[0]    ; z_out    ;
; N/A   ; None              ; 11.349 ns       ; a_in[2]    ; r_out[3] ;
; N/A   ; None              ; 11.329 ns       ; a_in[6]    ; z_out    ;
; N/A   ; None              ; 11.322 ns       ; op_sel[3]  ; z_out    ;
; N/A   ; None              ; 11.302 ns       ; a_in[4]    ; c_out    ;
; N/A   ; None              ; 11.280 ns       ; bit_sel[2] ; z_out    ;
; N/A   ; None              ; 11.278 ns       ; b_in[7]    ; c_out    ;
; N/A   ; None              ; 11.255 ns       ; op_sel[2]  ; z_out    ;
; N/A   ; None              ; 11.240 ns       ; b_in[1]    ; c_out    ;
; N/A   ; None              ; 11.222 ns       ; b_in[7]    ; z_out    ;
; N/A   ; None              ; 11.219 ns       ; b_in[1]    ; r_out[3] ;
; N/A   ; None              ; 11.195 ns       ; a_in[1]    ; r_out[7] ;
; N/A   ; None              ; 11.185 ns       ; b_in[4]    ; c_out    ;
; N/A   ; None              ; 11.145 ns       ; b_in[3]    ; c_out    ;
; N/A   ; None              ; 11.144 ns       ; a_in[5]    ; z_out    ;
; N/A   ; None              ; 11.142 ns       ; a_in[0]    ; r_out[2] ;
; N/A   ; None              ; 11.129 ns       ; b_in[4]    ; z_out    ;
; N/A   ; None              ; 11.124 ns       ; a_in[3]    ; c_out    ;
; N/A   ; None              ; 11.089 ns       ; b_in[3]    ; r_out[3] ;
; N/A   ; None              ; 11.088 ns       ; a_in[2]    ; r_out[6] ;
; N/A   ; None              ; 11.087 ns       ; a_in[3]    ; r_out[3] ;
; N/A   ; None              ; 11.076 ns       ; bit_sel[0] ; c_out    ;
; N/A   ; None              ; 11.075 ns       ; bit_sel[2] ; c_out    ;
; N/A   ; None              ; 11.062 ns       ; b_in[6]    ; c_out    ;
; N/A   ; None              ; 11.047 ns       ; b_in[2]    ; c_out    ;
; N/A   ; None              ; 11.040 ns       ; b_in[2]    ; r_out[3] ;
; N/A   ; None              ; 11.028 ns       ; op_sel[1]  ; c_out    ;
; N/A   ; None              ; 11.027 ns       ; a_in[5]    ; c_out    ;
; N/A   ; None              ; 11.016 ns       ; b_in[0]    ; c_out    ;
; N/A   ; None              ; 11.006 ns       ; b_in[6]    ; z_out    ;
; N/A   ; None              ; 10.995 ns       ; b_in[0]    ; r_out[3] ;
; N/A   ; None              ; 10.992 ns       ; op_sel[0]  ; z_out    ;
; N/A   ; None              ; 10.961 ns       ; a_in[7]    ; c_out    ;
; N/A   ; None              ; 10.958 ns       ; a_in[4]    ; r_out[6] ;
; N/A   ; None              ; 10.949 ns       ; op_sel[3]  ; r_out[3] ;
; N/A   ; None              ; 10.943 ns       ; a_in[0]    ; r_out[7] ;
; N/A   ; None              ; 10.928 ns       ; bit_sel[1] ; z_out    ;
; N/A   ; None              ; 10.917 ns       ; b_in[5]    ; c_out    ;
; N/A   ; None              ; 10.905 ns       ; a_in[7]    ; z_out    ;
; N/A   ; None              ; 10.885 ns       ; b_in[1]    ; r_out[2] ;
; N/A   ; None              ; 10.864 ns       ; a_in[2]    ; r_out[7] ;
; N/A   ; None              ; 10.863 ns       ; a_in[1]    ; r_out[1] ;
; N/A   ; None              ; 10.861 ns       ; b_in[5]    ; z_out    ;
; N/A   ; None              ; 10.817 ns       ; c_in       ; c_out    ;
; N/A   ; None              ; 10.817 ns       ; a_in[6]    ; r_out[7] ;
; N/A   ; None              ; 10.806 ns       ; op_sel[3]  ; c_out    ;
; N/A   ; None              ; 10.771 ns       ; op_sel[2]  ; c_out    ;
; N/A   ; None              ; 10.761 ns       ; c_in       ; z_out    ;
; N/A   ; None              ; 10.734 ns       ; a_in[4]    ; r_out[7] ;
; N/A   ; None              ; 10.725 ns       ; a_in[1]    ; r_out[6] ;
; N/A   ; None              ; 10.710 ns       ; b_in[7]    ; r_out[7] ;
; N/A   ; None              ; 10.688 ns       ; bit_sel[1] ; c_out    ;
; N/A   ; None              ; 10.677 ns       ; a_in[0]    ; r_out[1] ;
; N/A   ; None              ; 10.672 ns       ; b_in[1]    ; r_out[7] ;
; N/A   ; None              ; 10.658 ns       ; a_in[0]    ; r_out[6] ;
; N/A   ; None              ; 10.656 ns       ; bit_sel[0] ; r_out[2] ;
; N/A   ; None              ; 10.647 ns       ; b_in[0]    ; r_out[2] ;
; N/A   ; None              ; 10.643 ns       ; b_in[2]    ; r_out[2] ;
; N/A   ; None              ; 10.643 ns       ; bit_sel[2] ; r_out[2] ;
; N/A   ; None              ; 10.619 ns       ; op_sel[0]  ; r_out[3] ;
; N/A   ; None              ; 10.617 ns       ; b_in[4]    ; r_out[7] ;
; N/A   ; None              ; 10.597 ns       ; a_in[6]    ; r_out[6] ;
; N/A   ; None              ; 10.585 ns       ; a_in[3]    ; r_out[6] ;
; N/A   ; None              ; 10.577 ns       ; b_in[3]    ; r_out[7] ;
; N/A   ; None              ; 10.571 ns       ; a_in[5]    ; r_out[6] ;
; N/A   ; None              ; 10.556 ns       ; a_in[3]    ; r_out[7] ;
; N/A   ; None              ; 10.549 ns       ; op_sel[1]  ; r_out[2] ;
; N/A   ; None              ; 10.529 ns       ; a_in[1]    ; r_out[5] ;
; N/A   ; None              ; 10.508 ns       ; bit_sel[0] ; r_out[7] ;
; N/A   ; None              ; 10.507 ns       ; bit_sel[2] ; r_out[7] ;
; N/A   ; None              ; 10.496 ns       ; a_in[0]    ; r_out[0] ;
; N/A   ; None              ; 10.494 ns       ; b_in[6]    ; r_out[7] ;
; N/A   ; None              ; 10.479 ns       ; b_in[2]    ; r_out[7] ;
; N/A   ; None              ; 10.460 ns       ; op_sel[1]  ; r_out[7] ;
; N/A   ; None              ; 10.459 ns       ; a_in[5]    ; r_out[7] ;
; N/A   ; None              ; 10.448 ns       ; b_in[0]    ; r_out[7] ;
; N/A   ; None              ; 10.444 ns       ; bit_sel[0] ; r_out[6] ;
; N/A   ; None              ; 10.418 ns       ; a_in[1]    ; r_out[4] ;
; N/A   ; None              ; 10.401 ns       ; op_sel[1]  ; r_out[6] ;
; N/A   ; None              ; 10.393 ns       ; a_in[7]    ; r_out[7] ;
; N/A   ; None              ; 10.384 ns       ; op_sel[3]  ; r_out[6] ;
; N/A   ; None              ; 10.349 ns       ; b_in[5]    ; r_out[7] ;
; N/A   ; None              ; 10.349 ns       ; op_sel[2]  ; r_out[6] ;
; N/A   ; None              ; 10.346 ns       ; a_in[2]    ; r_out[1] ;
; N/A   ; None              ; 10.340 ns       ; bit_sel[0] ; r_out[3] ;
; N/A   ; None              ; 10.335 ns       ; bit_sel[0] ; r_out[1] ;
; N/A   ; None              ; 10.331 ns       ; op_sel[3]  ; r_out[2] ;
; N/A   ; None              ; 10.321 ns       ; b_in[1]    ; r_out[1] ;
; N/A   ; None              ; 10.296 ns       ; op_sel[2]  ; r_out[2] ;
; N/A   ; None              ; 10.277 ns       ; a_in[0]    ; r_out[5] ;
; N/A   ; None              ; 10.274 ns       ; a_in[4]    ; r_out[3] ;
; N/A   ; None              ; 10.274 ns       ; op_sel[2]  ; r_out[3] ;
; N/A   ; None              ; 10.268 ns       ; bit_sel[1] ; r_out[3] ;
; N/A   ; None              ; 10.249 ns       ; c_in       ; r_out[7] ;
; N/A   ; None              ; 10.245 ns       ; bit_sel[0] ; r_out[0] ;
; N/A   ; None              ; 10.238 ns       ; op_sel[3]  ; r_out[7] ;
; N/A   ; None              ; 10.215 ns       ; a_in[2]    ; r_out[5] ;
; N/A   ; None              ; 10.207 ns       ; op_sel[1]  ; r_out[4] ;
; N/A   ; None              ; 10.203 ns       ; op_sel[2]  ; r_out[7] ;
; N/A   ; None              ; 10.194 ns       ; bit_sel[2] ; r_out[6] ;
; N/A   ; None              ; 10.182 ns       ; b_in[0]    ; r_out[1] ;
; N/A   ; None              ; 10.172 ns       ; b_in[1]    ; r_out[6] ;
; N/A   ; None              ; 10.166 ns       ; a_in[0]    ; r_out[4] ;
; N/A   ; None              ; 10.157 ns       ; bit_sel[1] ; r_out[2] ;
; N/A   ; None              ; 10.155 ns       ; op_sel[3]  ; r_out[1] ;
; N/A   ; None              ; 10.145 ns       ; bit_sel[2] ; r_out[1] ;
; N/A   ; None              ; 10.141 ns       ; a_in[4]    ; r_out[4] ;
; N/A   ; None              ; 10.124 ns       ; a_in[2]    ; r_out[4] ;
; N/A   ; None              ; 10.120 ns       ; bit_sel[1] ; r_out[7] ;
; N/A   ; None              ; 10.120 ns       ; op_sel[2]  ; r_out[1] ;
; N/A   ; None              ; 10.099 ns       ; b_in[4]    ; r_out[6] ;
; N/A   ; None              ; 10.085 ns       ; a_in[4]    ; r_out[5] ;
; N/A   ; None              ; 10.059 ns       ; b_in[3]    ; r_out[6] ;
; N/A   ; None              ; 10.055 ns       ; bit_sel[2] ; r_out[0] ;
; N/A   ; None              ; 10.050 ns       ; a_in[3]    ; r_out[2] ;
; N/A   ; None              ; 10.046 ns       ; a_in[6]    ; r_out[2] ;
; N/A   ; None              ; 10.029 ns       ; bit_sel[1] ; r_out[6] ;
; N/A   ; None              ; 10.014 ns       ; b_in[0]    ; r_out[0] ;
; N/A   ; None              ; 10.006 ns       ; b_in[1]    ; r_out[5] ;
; N/A   ; None              ; 10.000 ns       ; b_in[5]    ; r_out[6] ;
; N/A   ; None              ; 9.978 ns        ; b_in[1]    ; r_out[4] ;
; N/A   ; None              ; 9.975 ns        ; b_in[6]    ; r_out[6] ;
; N/A   ; None              ; 9.969 ns        ; bit_sel[2] ; r_out[3] ;
; N/A   ; None              ; 9.965 ns        ; b_in[4]    ; r_out[5] ;
; N/A   ; None              ; 9.961 ns        ; b_in[2]    ; r_out[6] ;
; N/A   ; None              ; 9.937 ns        ; a_in[2]    ; dc_out   ;
; N/A   ; None              ; 9.930 ns        ; b_in[0]    ; r_out[6] ;
; N/A   ; None              ; 9.918 ns        ; a_in[3]    ; r_out[4] ;
; N/A   ; None              ; 9.911 ns        ; b_in[3]    ; r_out[5] ;
; N/A   ; None              ; 9.910 ns        ; op_sel[1]  ; r_out[1] ;
; N/A   ; None              ; 9.893 ns        ; a_in[1]    ; r_out[0] ;
; N/A   ; None              ; 9.890 ns        ; a_in[3]    ; r_out[5] ;
; N/A   ; None              ; 9.814 ns        ; b_in[3]    ; r_out[4] ;
; N/A   ; None              ; 9.813 ns        ; b_in[2]    ; r_out[5] ;
; N/A   ; None              ; 9.813 ns        ; op_sel[1]  ; r_out[0] ;
; N/A   ; None              ; 9.807 ns        ; op_sel[3]  ; r_out[4] ;
; N/A   ; None              ; 9.805 ns        ; b_in[4]    ; r_out[4] ;
; N/A   ; None              ; 9.793 ns        ; bit_sel[1] ; r_out[1] ;
; N/A   ; None              ; 9.782 ns        ; b_in[0]    ; r_out[5] ;
; N/A   ; None              ; 9.777 ns        ; a_in[5]    ; r_out[5] ;
; N/A   ; None              ; 9.752 ns        ; op_sel[3]  ; r_out[0] ;
; N/A   ; None              ; 9.717 ns        ; op_sel[2]  ; r_out[0] ;
; N/A   ; None              ; 9.707 ns        ; op_sel[3]  ; r_out[5] ;
; N/A   ; None              ; 9.703 ns        ; bit_sel[1] ; r_out[0] ;
; N/A   ; None              ; 9.702 ns        ; b_in[2]    ; r_out[4] ;
; N/A   ; None              ; 9.672 ns        ; op_sel[2]  ; r_out[5] ;
; N/A   ; None              ; 9.671 ns        ; b_in[0]    ; r_out[4] ;
; N/A   ; None              ; 9.670 ns        ; a_in[7]    ; r_out[6] ;
; N/A   ; None              ; 9.666 ns        ; bit_sel[2] ; r_out[5] ;
; N/A   ; None              ; 9.665 ns        ; op_sel[1]  ; r_out[5] ;
; N/A   ; None              ; 9.661 ns        ; b_in[5]    ; r_out[5] ;
; N/A   ; None              ; 9.607 ns        ; a_in[4]    ; r_out[0] ;
; N/A   ; None              ; 9.532 ns        ; a_in[6]    ; r_out[5] ;
; N/A   ; None              ; 9.516 ns        ; bit_sel[0] ; r_out[5] ;
; N/A   ; None              ; 9.452 ns        ; c_in       ; r_out[0] ;
; N/A   ; None              ; 9.436 ns        ; a_in[7]    ; r_out[3] ;
; N/A   ; None              ; 9.427 ns        ; op_sel[0]  ; r_out[4] ;
; N/A   ; None              ; 9.368 ns        ; bit_sel[0] ; r_out[4] ;
; N/A   ; None              ; 9.352 ns        ; op_sel[0]  ; r_out[2] ;
; N/A   ; None              ; 9.346 ns        ; a_in[5]    ; r_out[4] ;
; N/A   ; None              ; 9.277 ns        ; op_sel[0]  ; c_out    ;
; N/A   ; None              ; 9.262 ns        ; op_sel[3]  ; dc_out   ;
; N/A   ; None              ; 9.191 ns        ; a_in[5]    ; dc_out   ;
; N/A   ; None              ; 9.173 ns        ; bit_sel[1] ; r_out[4] ;
; N/A   ; None              ; 9.130 ns        ; op_sel[2]  ; r_out[4] ;
; N/A   ; None              ; 9.123 ns        ; op_sel[2]  ; dc_out   ;
; N/A   ; None              ; 9.099 ns        ; b_in[5]    ; dc_out   ;
; N/A   ; None              ; 9.027 ns        ; bit_sel[1] ; r_out[5] ;
; N/A   ; None              ; 9.007 ns        ; op_sel[0]  ; r_out[0] ;
; N/A   ; None              ; 9.003 ns        ; bit_sel[2] ; r_out[4] ;
; N/A   ; None              ; 8.973 ns        ; a_in[5]    ; r_out[1] ;
; N/A   ; None              ; 8.906 ns        ; op_sel[0]  ; r_out[6] ;
; N/A   ; None              ; 8.896 ns        ; op_sel[0]  ; dc_out   ;
; N/A   ; None              ; 8.877 ns        ; op_sel[1]  ; dc_out   ;
; N/A   ; None              ; 8.874 ns        ; op_sel[0]  ; r_out[1] ;
; N/A   ; None              ; 8.866 ns        ; b_in[2]    ; dc_out   ;
; N/A   ; None              ; 8.798 ns        ; op_sel[0]  ; r_out[5] ;
; N/A   ; None              ; 8.622 ns        ; op_sel[0]  ; r_out[7] ;
+-------+-------------------+-----------------+------------+----------+


+--------------------------+
; Timing Analyzer Messages ;
+--------------------------+
Info: *******************************************************************
Info: Running Quartus II Classic Timing Analyzer
    Info: Version 9.1 Build 350 03/24/2010 Service Pack 2 SJ Web Edition
    Info: Processing started: Tue Oct 22 15:52:42 2024
Info: Command: quartus_tan --read_settings_files=off --write_settings_files=off ALU -c ALU --timing_analysis_only
Info: Longest tpd from source pin "a_in[1]" to destination pin "z_out" is 12.115 ns
    Info: 1: + IC(0.000 ns) + CELL(0.780 ns) = 0.780 ns; Loc. = PIN_K16; Fanout = 13; PIN Node = 'a_in[1]'
    Info: 2: + IC(4.744 ns) + CELL(0.545 ns) = 6.069 ns; Loc. = LCCOMB_X34_Y16_N18; Fanout = 2; COMB Node = 'Add1~6'
    Info: 3: + IC(0.000 ns) + CELL(0.035 ns) = 6.104 ns; Loc. = LCCOMB_X34_Y16_N20; Fanout = 2; COMB Node = 'Add1~10'
    Info: 4: + IC(0.000 ns) + CELL(0.125 ns) = 6.229 ns; Loc. = LCCOMB_X34_Y16_N22; Fanout = 1; COMB Node = 'Add1~13'
    Info: 5: + IC(0.679 ns) + CELL(0.378 ns) = 7.286 ns; Loc. = LCCOMB_X34_Y18_N18; Fanout = 1; COMB Node = 'Mux13~4'
    Info: 6: + IC(0.542 ns) + CELL(0.272 ns) = 8.100 ns; Loc. = LCCOMB_X33_Y18_N24; Fanout = 2; COMB Node = 'Mux13~1'
    Info: 7: + IC(0.585 ns) + CELL(0.357 ns) = 9.042 ns; Loc. = LCCOMB_X34_Y17_N12; Fanout = 1; COMB Node = 'Equal0~1'
    Info: 8: + IC(1.121 ns) + CELL(1.952 ns) = 12.115 ns; Loc. = PIN_F8; Fanout = 0; PIN Node = 'z_out'
    Info: Total cell delay = 4.444 ns ( 36.68 % )
    Info: Total interconnect delay = 7.671 ns ( 63.32 % )
Info: Quartus II Classic Timing Analyzer was successful. 0 errors, 0 warnings
    Info: Peak virtual memory: 174 megabytes
    Info: Processing ended: Tue Oct 22 15:52:42 2024
    Info: Elapsed time: 00:00:00
    Info: Total CPU time (on all processors): 00:00:00


